[  0.000000] Initializing cgroup subsys cpuset
[    0.000000] Initializing cgroup subsys cpu
[    0.000000] Initializing cgroup subsys cpuacct
[    0.000000] Linux version 4.4.0-124-generic (buildd@lcy01-ad602) (gcc version 5.4.0 20160609 (Ubuntu 5.4.0-6ubuntu1~16.04.9) ) #148-Ubuntu SMP Wed May 2 13:00:18 UTC 2018 (Ubuntu 4.4.0-124.148-generic 4.4.117)
[    0.000000] Command line: BOOT_IMAGE=/boot/vmlinuz-4.4.0-124-generic root=LABEL=cloudimg-rootfs ro console=tty1 console=ttyS0
[    0.000000] KERNEL supported cpus:
[    0.000000]   Intel GenuineIntel
[    0.000000]   AMD AuthenticAMD
[    0.000000]   Centaur CentaurHauls
[    0.000000] x86/fpu: xstate_offset[2]:  576, xstate_sizes[2]:  256
[    0.000000] x86/fpu: Supporting XSAVE feature 0x01: 'x87 floating point registers'
[    0.000000] x86/fpu: Supporting XSAVE feature 0x02: 'SSE registers'
[    0.000000] x86/fpu: Supporting XSAVE feature 0x04: 'AVX registers'
[    0.000000] x86/fpu: Enabled xstate features 0x7, context size is 832 bytes, using 'standard' format.
[    0.000000] x86/fpu: Using 'lazy' FPU context switches.
[    0.000000] e820: BIOS-provided physical RAmap:
[    0.000000] BIOS-e820: [mem 0x0000000000000000-0x000000000009fbff] usable
[    0.000000] BIOS-e820: [mem 0x000000000009fc00-0x000000000009ffff] reserved
[    0.000000] BIOS-e820: [mem 0x00000000000f0000-0x00000000000fffff] reserved
[    0.000000] BIOS-e820: [mem 0x0000000000100000-0x000000003ffeffff] usable
[    0.000000] BIOS-e820: [mem 0x000000003fff0000-0x000000003fffffff] ACPI data
[    0.000000] BIOS-e820: [mem 0x00000000fec00000-0x00000000fec00fff] reserved
[    0.000000]IOS-e82: [me 0000000fee00000-0x00000000fee00fff] reserved
[    0.000000] BIOS-e820: [mem 0x00000000fffc0000-0x00000000ffffffff] reserved
[    0.000000] NX (Execute Disable) protection: active
[   .000000] SIO2.5 pest.
[  0.000000] Hypervisor detected: KVM
[    0.000000] e820: last_pfn = 0x3fff0 max_arch_pfn = 0x400000000
[    0.000000] MTRR: Disabled
[    0.000000] x86/PAT: MTRRs disabled, skipping PAT initialization too.
[   .000000] CPU MTRRs all blank - virtualized system.
[   00000] x86/PAT: Configuration [0-7 W WT  UC- UC  WB  WT  UC- UC  
[   000000] found SMP MP-table at [mem 0x0009fff0-0x0009ffff] mapped at [ffff88000009fff0]
[    0.000000] Scanning 1 areas for low memory corruption
[    0.000000] RAMDISK: [mem 0x36aa0000-0x37547fff]
[    0.000000] ACPI: Early table checksum verification disabled
[   0.000000] ACPI: RSDP 0x00000000000E0000 000024 (v02 VBOX  )
[    0.000000] ACPI: XSDT 0x000000003FFF0030 00003C (v01 VBOX   VBOXXSDT 00000001 ASL  00000061)
[    0.000000] ACPI: FACP 0x000000003FFF00F0 0000F4 (v04 VBOX   VBOXFACP 00000001 ASL  00000061)
[    0.000000] ACPI: DSDT 0x000000003FFF0470 0021FF (v02 VBOX   VBOXBIOS 00000002 INTL 20100528)
[    0.000000] ACPI: FACS 0x000000003FFF0200 000040
[    0.000000] ACPI: FACS 0x000000003FFF0200 000040
[    0.000000] ACPI: APIC 0x000000003FFF0240 00005C (v02 VBOX   VBOXAPIC 00000001 ASL  00000061)
[    0.000000] ACPI: SSDT 0x000000003FFF02A0 0001CC (v01 VBOX   VBOXCPUT 00000002 INTL 20100528)
[    0.000000] No NUMA configuration found
[    0.000000] Faking a node at [mem 0x0000000000000000-0x000000003ffeffff]
[    0.000000] NODE_DATA(0) allocated [mem 0x3ffeb000-0x3ffeffff]
[    0.000000] kvm-clock: Using msrs 4b564d01 and 4b564d00
[    0.000000] kvm-clock: cpu 0, msr 0:3ffe3001, primary cpu clock
[    0.000000] kvm-clock: using sched offset of 3735942219 cycles
[    0.000000] clocksource: kvm-clock: mask: 0xffffffffffffffff max_cycles: 0x1cd42e4dffb, max_idle_ns: 881590591483 ns
[    0.000000] Zone ranges:
[    0.000000]   DMA      [mem 0x0000000000001000-0x0000000000ffffff]
[    0.000000]   DMA32    [mem 0x0000000001000000-0x000000003ffeffff]
[    0.000000]   Normal   empty
[    0.000000]  Device   empty
[    0.000000] Movable zone start fo each node
[    0.000000] Early memory node ranges
[    0.000000]   node   0: [mem 0x0000000000001000-0x000000000009efff]
[    0.000000]   node   0: [mem 0x0000000000100000-0x000000003ffeffff]
[    0.000000] Initmem setup node 0 [mem 0x0000000000001000-0x000000003ffeffff]
[   .000000] ACPI: PM-TierIOPort: 0x4008
[    0.000000] IOAPIC[0]: apic_id 2, version 32, address 0xfec00000, GSI 0-23
[    0.000000] ACPI: INT_SRC_OVR (bus 0 bus_iq 0 global_irq 2 df d)
[    0.000000] ACPI: INT_SRC_OV (us0 us_iq 9 global_irq 9 low level)
[    0.000000] Using ACPI (MADT) for SMP configuration information
[    0.000000] smpboot: Allowing 2 CPUs, 0 hotplug CPUs
[    0.000000] PM: Registered nosave memory: [mem 0x000000-0x00000fff]
[    0.000000] PM: Regteednosave memory: [mem 0x0009f000-0x0009ffff]
[    0.000000] PM: Regiser nsave mery[mem 0x00a0000-0x000efff]
[    0.000000] PM: Registered nosave memory: [mem 0x000f0000-0x000fffff]
[    0.00000] e820: [mem 0x4000000-fefffff] available r I devices
[  000000] Booting pavirtualized kernel on KVM
[    0.000000] clocksource: refined-jiffies: mask: 0xffffffff max_cycles: 0xffffffff, max_idle_ns: 7645519600211568 ns
[    0.000000] setup_percpu: NR_CPUS:512 nr_cpumask_bits:512 r_cpu_ids:2 nr_node_ids:1
[   00000] PERCPU: Embedded 34 pages/cpu @ffff88003fc00000 s99544 r8192 d31528 u0476
[   000000] PV qspinlock hash tabl entres256 (order: 0, 4096 bytes)
[    0.000000 Bil1 zonelists in Node order, mobility groupi o.  Total pages: 257912
[    0.000000] Policy zone: DMA32
[    0.000000] Kernel command line: BOOT_IMAGE=/boot/vmlinuz-4.4.0-124-generic root=LABEL=cloudimg-rootfs ro console=tty1 console=ttyS0
[    0.000000] PID hash table entries: 4096 (order: 3, 32768 bytes)
[    0.000000] Memory: 1001612K/1048120K available (8532K kernel code, 1313K rwdata, 3996K rodata, 1508K init, 1316K bss, 46508K reserved, 0K cma-reserved)
[    0.000000] SLUB: HWalign=64, Order=0-3, MinObjects=0, CPUs=2, Nodes=1
[    0.000000] Kernel/User page tables isolation: enabled
[    0.000000] Hierarchical RCU implementation.
[    0.000000] 	Build-time adjustment of leaf fanout to 64.
[    0.000000] 	RCU restricting CPUs from NR_CPUS=512 to nr_cpu_ids=2.
[    0.000000] RCU: Adjusting geometry for rcu_fanout_leaf=64, nr_cpu_ids=2
[    0.000000] NR_IRQS:33024 nr_irqs:440 16
[    0.000000] Console: colour VGA+ 80x25
[    0.000000] console [tty1] enabled
[    0.000000] console [ttyS0] enabled
[    0.000000] tsc: Detected 2591.590 MHz processor
[    1.832282] Calibrating delay loop (skipped) preset value.. 5183.18 BogoMIPS (lpj=10366360)
[    1.835002] pid_max: default: 32768 minimum: 301
[    1.836657] ACPI: Core revision 20150930
[    1.839684] ACPI: 2 ACPI AML tables successfully acquired and loaded
[    1.841583] Security Framework initialized
[    1.842757] Yama: ecoming mindful.
[    1.868175] AppArmor: AppArmor initialized
[    1.869390] Dentry cache hash table entries: 131072 (order: 8, 1048576 bytes)
[    1.874971] Inode-cache hash table entries: 65536 (order: 7, 524288 bytes)
[    1.878593] Mount-cache hash table entries: 2048 (order: 2, 16384 bytes)
[    1.880276] Mountpoint-cache hash table entries: 2048 (order: 2, 16384 bytes)
[    1.888401] Initializing cgroup subsys io
[    1.889450] Initializing cgroup subsys memory
[    1.890994] Initializing cgroup subsys devices
[    1.892578] Initializing cgroup subsys freezer
[    1.893796] Initializing cgroup subsys net_cls
[    1.895007] Initializing cgroup subsys perf_event
[    1.896319] Initializing cgroup subsys net_prio
[    1.897356] Initializing cgroup subsys hugetlb
[    1.898758] Initializing cgroup subsys pids
[    1.900051] CPU: Physical Processor ID: 0
[    1.901163] CPU: Processor Core ID: 0
[    1.902210] FEATURE SPEC_CTRL Not Present
[    1.903478] mce: CPU supports 0 MCE banks
[    1.904540] Last level iTLB entries: 4KB 512, 2MB 8, 4MB 8
[    1.905677] Last level dTLB entries: 4KB 512, 2MB 32, 4MB 32, 1GB 0
[    1.906948] Spectre V2 mitigation: Mitigation: Full generic retpoline
[    1.908242] Spectre V2 mitigation: Speculation control IBPB not-supported IBRS not-supported
[    1.915709] Freeing SMP alternatives memory: 32K
[    1.925544] ftrace: allocating 32202 entries in 126 pages
[    1.987922] smpboot: APIC(0) Converting physical 0 to logical package 0
[    1.989296] smpboot: Max logical packages: 1
[    2.010919] x2apic enabled
[    2.020925] Switched APIC routing to physical x2apic.
[    2.049964] ..TIMER: vector=0x30 apic1=0 pin1=2 apic2=-1 pin2=-1
[    2.184197] smpboot: CPU0: Intel(R) Core(TM) i5-3320M CPU @ 2.60GHz (family: 0x6, model: 0x3a, stepping: 0x9)
[    2.193216] Performance Events: unsupported p6 CPU model 58 no PMU driver, software events only.
[    2.195185] KVM setup paravirtual spinlock
[    2.196949] x86: Booting SMP configuration:
[    2.204568] .... node  #0, CPUs:      #1
[    2.205546] kvm-clock: cpu 1, msr 0:3ffe3041, secondary cpu clock
[    2.220675] mce: CPU supports 0 MCE banks
[    2.223443] x86: Booted up 1 node, 2 CPUs
[    2.231129] smpboot: Total of 2 processors activated (10366.36 BogoMIPS)
[    2.232845] devtmpfs: initialized
[    2.235468] evm: security.selinux
[    2.236346] evm: security.SMACK64
[    2.245465] evm: security.SMACK64EXEC
[    2.246300] evm: security.SMACK64TRANSMUTE
[    2.247197] evm: security.SMACK64MMAP
[    2.248040] evm: security.ima
[    2.255163] evm: security.capability
[    2.256204] clocksource: jiffies: mask: 0xffffffff max_cycles: 0xffffffff, max_idle_ns: 7645041785100000 ns
[    2.258250] futex hash table entries: 512 (order: 3, 32768 bytes)
[    2.259583] pinctrl core: initialized pinctrl subsystem
[    2.261027] RTC time:  3:27:18, date: 07/20/18
[    2.262434] NET: Registered protocol family 16
[    2.274099] cpuidle: using governor ladder
[    2.287785] cpuidle: using governor menu
[    2.296321] PCCT header not found.
[    2.297186] ACPI: bus type PCI registered
[    2.298063] acpiphp: ACPI Hot Plug PCI Controller Driver version: 0.5
[    2.299452] PCI: Using configuration type 1 for base access
[    2.314047] ACPI: Added _OSI(Module Device)
[    2.325383] ACPI: Added _OSI(Processor Device)
[    2.351672] ACPI: Added _OSI(3.0 _SCP Extensions)
[    2.358344] ACPI: Added _OSI(Processor Aggregator Device)
[    2.367046] ACPI: Executed 1 blocks of module-level executable AML code
[    2.371803] ACPI: Interpreter enabled
[    2.375533] ACPI: (supports S0 S5)
[    2.391914] ACPI: Using IOAPIC for interrupt routing
[    2.404713] PCI: Using host bridge windows from ACPI; if necessary, use "pci=nocrs" and report a bug
[    2.411483] ACPI: PCI Root Bridge [PCI0] (domain 0000 [bus 00-ff])
[    2.416827] acpi PNP0A03:00: _OSC: OS supports [ASPM ClockPM Segments MSI]
[    2.418179] acpi PNP0A03:00: _OSC: not requesting OS control; OS requires [ExtendedConfig ASPM ClockPM MSI]
[    2.420167] acpi PNP0A03:00: fail to add MMCONFIG information, can't access extended PCI configuration space under this bridge.
[    2.422784] PCI host bridge to bus 0000:00
[    2.423740] pci_bus 0000:00: root bus resource [io  0x0000-0x0cf7 window]
[    2.425088] pci_bus 0000:00: root bus resource [io  0x0d00-0xffff window]
[    2.426393] pci_bus 0000:00: root bus resource [mem 0x000a0000-0x000bffff window]
[    2.428020] pci_bus 0000:00: root bus resource [mem 0x40000000-0xfdffffff window]
[    2.429694] pci_bus 0000:00: root bus resource [bus 00-ff]
[    2.433004] pci 0000:00:01.1: legacy IDE quirk: reg 0x10: [io  0x01f0-0x01f7]
[    2.442595] pci 0000:00:01.1: legacy IDE quirk: reg 0x14: [io  0x03f6]
[    2.443874] pci 0000:00:01.1: legacy IDE quirk: reg 0x18: [io  0x0170-0x0177]
[    2.461941] pci 0000:00:01.1: legacy IDE quirk: reg 0x1c: [io  0x0376]
[    2.491208] pci 0000:00:07.0: quirk: [io  0x4000-0x403f] claimed by PIIX4 ACPI
[    2.506316] pci 0000:00:07.0: quirk: [io  0x4100-0x410f] claimed by PIIX4 SMB
[    2.520153] ACPI: PCI Interrupt Link [LNKA] (IRQs 5 9 10 *11)
[    2.524876] ACPI: PCI Interrupt Link [LNKB] (IRQs 5 9 *10 11)
[    2.549195] ACPI: PCI Interrupt Link [LNKC] (IRQs 5 *9 10 11)
[    2.567806] ACPI: PCI Interrupt Link [LNKD] (IRQs 5 9 10 *11)
[    2.571180] ACPI: Enabled 2 GPEs in block 00 to 07
[    2.572850] vgaarb: setting as boot device: PCI:0000:00:02.0
[    2.594069] vgaarb: device added: PCI:0000:00:02.0,decodes=io+mem,owns=io+mem,locks=none
[    2.625590] vgaarb: loaded
[    2.640526] vgaarb: bridge control possible 0000:00:02.0
[    2.649600] SCSI subsystem initialized
[    2.650553] ACPI: bus type USB registered
[    2.651461] usbcore: registered new interface driver usbfs
[    2.675336] usbcore: registered new interface driver hub
[    2.692848] usbcore: registered new device driver usb
[    2.697820] PCI: Using ACPI for IRQ routing
[    2.732988] NetLabel: Initializing
[    2.743558] NetLabel:  domain hash size = 128
[    2.758165] NetLabel:  protocols = UNLABELED CIPSOv4
[    2.771319] NetLabel:  unlabeled traffic allowed by default
[    2.783907] amd_nb: Cannot enumerate AMD northbridges
[    2.800298] clocksource: Switched to clocksource kvm-clock
[    2.84874] AppArmor: AppArmor Filesystem Enabled
[    2.880404] pnp: PnP ACPI init
[  2.882185] pnp: PnP ACPI: found 3 devices

[    2.944359] clocksource: acpi_pm: mask: 0xffffff max_cycles: 0xffffff max_idle_ns: 2085701024 ns
[    2.972128] NET: Registered protocol family 2

[    2.973440] TCP established hash table entries: 8192 (order: 4, 65536 bytes)
[    2.975075] TCP bind hash table entries: 8192 (order: 5, 131072 bytes)
[    2.976890] TCP: Hash tables configured (established 8192 bind 8192)
[    2.978506] UDP hash table entries: 512 (order: 2, 16384 bytes)
[   2.980217] UDP-Lite hash table entries: 512 (order: 2, 16384 bytes)
[    3.005238] NET: Registered protocol family 1
[    3.006234] pci 0000:00:00.0: Limiting direct PCI/PCI transfrs
[    3.031048] pci 0000:00:01.0: Activating ISA DMA hang workarounds
[    3.032442] Unpacking initramfs...

[    4.829457] Freeing initrd memory: 10912K
[    4.830589] RAPL PMU detected, API unit is 2^-32 Joules, 3 fixed counters 10737418240 ms ovfl timer
[    4.839673] hw unit of domain pp0-core 2^-0 Joules
[    4.841205] hw unit of domain package 2^-0 Joules
[    4.842397] hw unit of domain pp1-gpu 2^-0 Joules
[    4.843708] platform rtc_cmos: registered platform RTC device (no PNP device found)
[    48421Scni for low memory corruption every 60 seconds

[    5.068588] audit: initializing netlink subsys (disabled)
[    5.069994] audit: type=2000 audit(1532057244.163:1): initialized
[    5.071807] Initialise system trusted keyring
[    5.073532] HugeTLB registered 2 MB page size, pre-allocated 0 pages
[    5.077235] zbud: loaded
[    5.079010] VFS: Disk quotas dquot_6.6.0
[    5.080143] VFS: Dquot-cache hash table entries: 512 (order 0, 4096 bytes)
[    5.082203] squashfs: version 4.0 (2009/01/31) Phillip Lougher
[    5.084401] fuse init (API version 7.23)
[    5.085815] Key type big_key registered
[    5.086955] Allocating IMA MOK and blacklist keyrings.
[    5.092093] Key type asymmetric registered
[    5.093300] Asymmetric key parser 'x509' registered
[    5.098789] Block layer SCSI generic (bsg) driver version 0.4 loaded (major 249)
[    5.103280] io scheduler noop registered
[    5.105559] io scheduler deadline registered (default)
[    5.106944] io scheduler cfq registered
[    5.108165] pci_hotplug: PCI Hot Plug PCI Core version: 0.5
[    5.109619] pciehp: PCI Express Hot Plug Controller Driver version: 0.4
[    5.113039] ACPI: AC Adapter [AC] (on-line)
[    5.114571] input: Power Button as /devices/LNXSYSTM:00/LNXPWRBN:00/input/input0
[    5.122890] ACPI: Power Button [PWRF]
[    5.124243] input: Sleep Button as /devices/LNXSYSTM:00/LNXSLPBN:00/input/input1
[    5.126325] ACPI: Sleep Button [SLPF]
[    5.134478] GHES: HEST is not enabled!
[    5.135408] ACPI: Battery Slot [BAT0] (battery present)
[    5.138639] Serial: 8250/16550 driver, 32 ports, IRQ sharing enabled
[    5.162594] 00:02: ttyS0 at I/O 0x3f8 (irq = 4, base_baud = 115200) is a 16550A
[    5.173088] Linux agpgart interface v0.103
[    5.175892] loop: module loaded
[    5.177343] scsi host0: ata_piix
[    5.178234] scsi host1: ata_piix
[    5.179060] ata1: PATA max UDMA/33 cmd 0x1f0 ctl 0x3f6 bmdma 0xd000 irq 14
[    5.180412] ata2: PATA max UDMA/33 cmd 0x170 ctl 0x376 bmdma 0xd008 irq 15
[    5.181939] libphy: Fixed MDIO Bus: probed
[    5.185047] tun: Universal TUN/TAP device driver, 1.6
[    5.186210] tun: (C) 1999-2004 Max Krasnyansky <maxk@qualcomm.com>
[    5.187562] PPP generic driver version 2.4.2
[    5.188664] ehci_hcd: USB 2.0 'Enhanced' Host Controller (EHCI) Driver
[    5.189931] ehci-pci: EHCI PCI platform driver
[    5.190921] ehci-platform: EHCI generic platform driver
[    5.191993] ohci_hcd: USB 1.1 'Open' Host Controller (OHCI) Driver
[    5.193280] ohci-pci: OHCI PCI platform driver
[    5.194240] ohci-platform: OHCI generic platform driver
[    5.195315] uhci_hcd: USB Universal Host Controller Interface driver
[    5.196614] i8042: PNP: PS/2 Controller [PNP0303:PS2K,PNP0f03:PS2M] at 0x60,0x64 irq 1,12
[    5.198837] serio: i8042 KBD port at 0x60,0x64 irq 1
[    5.199877] serio: i8042 AUX port at 0x60,0x64 irq 12
[    5.201141] mousedev: PS/2 mouse device common for all mice
[    5.202608] input: AT Translated Set 2 keyboard as /devices/platform/i8042/serio0/input/input2
[    5.204922] rtc_cmos rtc_cmos: rtc core: registered rtc_cmos as rtc0
[    5.212731] rtc_cmos rtc_cmos: alarms up to one day, 114 bytes nvram
[    5.214054] i2c /dev entries driver
[    5.214915] device-mapper: uevent: version 1.0.3
[    5.216487] device-mapper: ioctl: 4.34.0-ioctl (2015-10-28) initialised: dm-devel@redhat.com
[    5.220244] ledtrig-cpu: registered to indicate activity on CPUs
[    5.222077] NET: Registered protocol family 10
[    5.229904] NET: Registered protocol family 17
[    5.246398] Key type dns_resolver registered
[    5.247868] registered taskstats version 1
[    5.248915] Loading compiled-in X.509 certificates
[    5.250609] Loaded X.509 cert 'Build time autogenerated kernel key: 97a7db5071cab428e7f67f96f51ed8d32b3fc527'
[    5.253250] zswap: loaded using pool lzo/zbud
[    5.258673] Key type trusted registered
[    5.262409] Key type encrypted registered
[    5.263322] AppArmor: AppArmor sha1 policy hashing enabled
[    5.264497] ima: No TPM chip found, activating TPM-bypass!
[    5.265668] evm: HMAC attrs: 0x1
[    5.266792]   Magic number: 10:749:462
[    5.276746] rtc_cmos rtc_cmos: setting system clock to 2018-07-20 03:27:21 UTC (1532057241)
[    5.281968] BIOS EDD facility v0.16 2004-Jun-25, 0 devices found
[    5.283300] EDD information not available.
[    5.343403] Freeing unused kernel memory: 1508K
[    5.348629] Write protecting the kernel read-only data: 14336k
[    6.279426] tsc: Refined TSC clocksource calibration: 2591.865 MHz
[    6.281897] clocksource: tsc: mask: 0xffffffffffffffff max_cycles: 0x255c37582b8, max_idle_ns: 440795213155 ns
[    6.284450] Freeing unused kernel memory: 1696K
[    6.287864] Freeing unused kernel memory: 100K
Loading, please wait...
starting version 229
[    6.307974] random: systemd-udevd: uninitialized urandom read (16 bytes read, 3 bits of entropy available)
[    6.308908] random: udevadm: uninitialized urandom read (16 bytes read, 3 bits of entropy available)
[    6.308928] random: udevadm: uninitialized urandom read (16 bytes read, 3 bits of entropy available)
[    6.314734] random: systemd-udevd: uninitialized urandom read (16 bytes read, 3 bits of entropy available)
[    6.318694] random: udevadm: uninitialized urandom read (16 bytes read, 3 bits of entropy available)
[    6.318736] random: udevadm: uninitialized urandom read (16 bytes read, 3 bits of entropy available)
[    6.318908] random: udevadm: uninitialized urandom read (16 bytes read, 3 bits of entropy available)
[    6.318961] random: udevadm: uninitialized urandom read (16 bytes read, 3 bits of entropy available)
[    6.319009] random: udevadm: uninitialized urandom read (16 bytes read, 3 bits of entropy available)
[    6.319058] random: udevadm: uninitialized urandom read (16 bytes read, 3 bits of entropy available)
[    6.375864] Fusion MPT base driver 3.04.20
[    6.377112] Copyright (c) 1999-2008 LSI Corporation
[    6.380903] e1000: Intel(R) PRO/1000 Network Driver - version 7.3.21-k8-NAPI
[    6.382771] e1000: Copyright (c) 1999-2006 Intel Corporation.
[    6.410808] Fusion MPT SPI Host driver 3.04.20
[    6.414590] AVX version of gcm_enc/dec engaged.
[    6.415847] AES CTR mode by8 optimization enabled
[    6.593763] input: ImExPS/2 Generic Explorer Mouse as /devices/platform/i8042/serio1/input/input4
[    6.789878] e1000 0000:00:03.0 eth0: (PCI:33MHz:32-bit) 02:ee:24:bb:8a:f6
[    6.804993] e1000 0000:00:03.0 eth0: Intel(R) PRO/1000 Network Connection
[    7.177986] e1000 0000:00:08.0 eth1: (PCI:33MHz:32-bit) 08:00:27:43:ce:76
[    7.204691] e1000 0000:00:08.0 eth1: Intel(R) PRO/1000 Network Connection
[    7.208986] e1000 0000:00:08.0 enp0s8: renamed from eth1
[    7.210613] mptbase: ioc0: Initiating bringup
[    7.221077] e1000 0000:00:03.0 enp0s3: renamed from eth0
[    7.292509] ioc0: LSI53C1030 A0: Capabilities={Initiator}
[    8.296904] scsi host2: ioc0: LSI53C1030 A0, FwRev=00000000h, Ports=1, MaxQ=256, IRQ=20
[    8.724867] scsi 2:0:0:0: Direct-Access     VBOX     HARDDISK         1.0  PQ: 0 ANSI: 5
[    8.764190] scsi target2:0:0: Beginning Domain Validation
[    8.794103] scsi target2:0:0: Domain Validation skipping write tests
[    8.796219] scsi target2:0:0: Ending Domain Validation
[    8.798008] scsi target2:0:0: asynchronous
[    8.799942] scsi 2:0:1:0: Direct-Access     VBOX     HARDDISK         1.0  PQ: 0 ANSI: 5
[    8.802688] scsi target2:0:1: Beginning Domain Validation
[    8.806201] scsi target2:0:1: Domain Validation skipping write tests
[    8.931757] scsi target2:0:1: Ending Domain Validation
[    9.177545] scsi target2:0:1: asynchronous
[    9.261792] sd 2:0:0:0: [sda] 20971520 512-byte logical blocks: (10.7 GB/10.0 GiB)
[    9.261836] sd 2:0:0:0: Attached scsi generic sg0 type 0
[    9.262311] sd 2:0:1:0: Attached scsi generic sg1 type 0
[    9.262490] sd 2:0:1:0: [sdb] 20480 512-byte logical blocks: (10.5 MB/10.0 MiB)
[    9.262633] sd 2:0:1:0: [sdb] Write Protect is off
[    9.262723] sd 2:0:1:0: [sdb] Incomplete mode parameter data
[    9.262724] sd 2:0:1:0: [sdb] Assuming drive cache: write through
[    9.288747] sd 2:0:0:0: [sda] Write Protect is off
[    9.297536] sd 2:0:0:0: [sda] Incomplete mode parameter data
[    9.298081] sd 2:0:1:0: [sdb] Attached SCSI disk
[    9.308029] sd 2:0:0:0: [sda] Assuming drive cache: write through
[    9.340403]  sda: sda1
[    9.342038] sd 2:0:0:0: [sda] Attached SCSI disk
Begin: Loading e[   10.847659] md: linear personality registered for level -1
ssential drivers ... [   10.877219] md: multipath personality registered for level -4
[   10.893761] md: raid0 personality registered for level 0
[   10.906036] md: raid1 personality registered for level 1
[   10.996382] raid6: sse2x1   gen()  8281 MB/s
[   11.064847] raid6: sse2x1   xor()  6503 MB/s
[   11.148366] raid6: sse2x2   gen() 10403 MB/s
[   11.216335] raid6: sse2x2   xor()  7322 MB/s
[   11.292536] raid6: sse2x4   gen() 12080 MB/s
[   11.372679] raid6: sse2x4   xor()  8771 MB/s
[   11.392959] raid6: using algorithm sse2x4 gen() 12080 MB/s
[   11.412259] raid6: .... xor() 8771 MB/s, rmw enabled
[   11.446803] raid6: using ssse3x2 recovery algorithm
[   11.460010] xor: automatically using best checksumming function:
[   11.501125]    avx       : 19333.000 MB/sec
[   11.503661] async_tx: api initialized (async)
[   11.513302] md: raid6 personality registered for level 6
[   11.514504] md: raid5 personality registered for level 5
[   11.522835] md: raid4 personality registered for level 4
[   11.539608] md: raid10 personality registered for level 10
done.
Begin: Running /scripts/init-premount ... done.
Begin: Mounting root file system ... Begin: Running /scripts/local-top ... done.
Begin: Running /scripts/local-premount ... [   11.578661] Btrfs loaded
Scanning for Btrfs filesystems
done.
Warning: fsck not present, so skipping root file system
[   11.659860] EXT4-fs (sda1): mounted filesystem with ordered data mode. Opts: (null)
done.
Begin: Running /scripts/local-bottom ... done.
Begin: Running /scripts/init-bottom ... done.
[   12.351146] systemd[1]: systemd 229 running in system mode. (+PAM +AUDIT +SELINUX +IMA +APPARMOR +SMACK +SYSVINIT +UTMP +LIBCRYPTSETUP +GCRYPT +GNUTLS +ACL +XZ -LZ4 +SECCOMP +BLKID +ELFUTILS +KMOD -IDN)
[   12.379212] systemd[1]: Detected virtualization oracle.
[   12.391787] systemd[1]: Detected architecture x86-64.

Welcome to [1mUbuntu 16.04.4 LTS[0m!

[   12.481877] systemd[1]: Set hostname to <ubuntu>.
[   12.501948] random: nonblocking pool is initialized
[   12.521882] systemd[1]: Initializing machine ID from random generator.
[   12.537390] systemd[1]: Installed transient /etc/machine-id file.
[   13.621313] systemd[1]: Listening on Journal Socket.
[[0;32m  OK  [0m] Listening on Journal Socket.
[   13.636209] systemd[1]: Listening on udev Control Socket.
[[0;32m  OK  [0m] Listening on udev Control Socket.
[   13.645558] systemd[1]: Set up automount Arbitrary Executable File Formats File System Automount Point.
[[0;32m  OK  [0m] Set up automount Arbitrary Executab...ats File System Automount Point.
[   13.677641] systemd[1]: Listening on Syslog Socket.
[[0;32m  OK  [0m] Listening on Syslog Socket.
[   13.694251] systemd[1]: Listening on /dev/initctl Compatibility Named Pipe.
[[0;32m  OK  [0m] Listening on /dev/initctl Compatibility Named Pipe.
[   13.705094] systemd[1]: Listening on udev Kernel Socket.
[[0;32m  OK  [0m] Listening on udev Kernel Socket.
[   13.712982] systemd[1]: Reached target Swap.
[[0;32m  OK  [0m] Reached target Swap.
[   13.726152] systemd[1]: Created slice System Slice.
[[0;32m  OK  [0m] Created slice System Slice.
[   13.789147] systemd[1]: Mounting Debug File System...
         Mounting Debug File System...
[   13.798181] systemd[1]: Starting Remount Root and Kernel File Systems...
         Starting Remount Root and Kernel File Systems...
[   13.820810] EXT4-fs (sda1): re-mounted. Opts: (null)
[   13.836963] systemd[1]: Mounting Huge Pages File System...
         Mounting Huge Pages File System...
[   13.847666] systemd[1]: Starting Nameserver information manager...
         Starting Nameserver information manager...
[   13.852124] systemd[1]: Mounting POSIX Message Queue File System...
         Mounting POSIX Message Queue File System...
[   13.879220] systemd[1]: Reached target System Time Synchronized.
[[0;32m  OK  [0m] Reached target System Time Synchronized.
[   13.887492] systemd[1]: Started Trigger resolvconf update for networkd DNS.
[[0;32m  OK  [0m] Started Trigger resolvconf update for networkd DNS.
[   13.894013] systemd[1]: Started Forward Password Requests to Wall Directory Watch.
[[0;32m  OK  [0m] Started Forward Password Requests to Wall Directory Watch.
[   13.909289] systemd[1]: Starting Set console keymap...
         Starting Set console keymap...
[   13.921029] systemd[1]: Listening on LVM2 metadata daemon socket.
[[0;32m  OK  [0m] Listening on LVM2 metadata daemon socket.
[   13.930560] systemd[1]: Listening on Journal Audit Socket.
[[0;32m  OK  [0m] Listening on Journal Audit Socket.
[   13.953883] systemd[1]: Reached target Encrypted Volumes.
[[0;32m  OK  [0m] Reached target Encrypted Volumes.
[   13.993356] systemd[1]: Listening on LVM2 poll daemon socket.
[[0;32m  OK  [0m] Listening on LVM2 poll daemon socket.
[   14.038084] systemd[1]: Created slice system-serial\x2dgetty.slice.
[[0;32m  OK  [0m] Created slice system-serial\x2dgetty.slice.
[   14.086537] systemd[1]: Created slice User and Session Slice.
[[0;32m  OK  [0m] Created slice User and Session Slice.
[   14.165386] systemd[1]: Reached target Slices.
[[0;32m  OK  [0m] Reached target Slices.
[   14.209421] systemd[1]: Listening on Journal Socket (/dev/log).
[[0;32m  OK  [0m] Listening on Journal Socket (/dev/log).
[   14.309165] systemd[1]: Starting Journal Service...
         Starting Journal Service...
[   14.338942] systemd[1]: Starting Load Kernel Modules...
         Starting Load Kernel Modules...
[   14.347142] systemd[1]: Starting Uncomplicated firewall...
         Starting Uncomplicated firewall...
[   14.354118] systemd[1]: Reached target User and Group Name Lookups.
[[0;32m  OK  [0m] Reached target User and Group Name Lookups.
[   14.377432] systemd[1]: Starting Create list of required static device nodes for the current kernel...
         Starting Create list of required st... nodes for the current kernel...
[   14.465584] systemd[1]: Listening on Device-mapper event daemon FIFOs.
[[0;32m  OK  [0m] Listening on Device-mapper event daemon FIFOs.
[   14.485081] systemd[1]: Starting Monitoring of LVM2 mirrors, snapshots etc. using dmeventd or progress polling...
         Starting Monitoring of LVM2 mirrors... dmeventd or progress polling...
[   14.516677] systemd[1]: Mounted POSIX Message Queue File System.
[[0;32m  OK  [0m] Mounted POSIX Message Queue File System.
[   14.560450] Loading iSCSI transport class v2.0-870.
[   15.222840] systemd[1]: Mounted Debug File System.
[[0;32m  OK  [0m] Mounted Debug File System.
[   15.268680] systemd[1]: Mounted Huge Pages File System.
[[0;32m  OK  [0m] Mounted Huge Pages File System.
[   15.292392] systemd[1]: Started Journal Service.
[[0;32m  OK  [0m] Started Journal Service.
[[0;32m  OK  [0m] Started Remount Root and Kernel File Systems[   15.336655] iscsi: registered transport (tcp)
.
[[0;32m  OK  [0m] Started Set console keymap.
[[0;32m  OK  [0m] Started Uncomplicated firewall.
[[0;32m  OK  [0m] Started Create list of required sta...ce nodes for the current kernel.
[[0;32m  OK  [0m] Started Nameserver information manager.
         Starting Create Static Device Nodes in /dev...
         Starting Initial cloud-init job (pre-networking)...
         Starting udev Coldplug all Devices...
         Starting Load/Save Random Seed..[   15.707268] iscsi: registered transport (iser)
.
         Starting Flush Journal to Persistent Storage...
[[0;32m  OK  [0m] Started Load Kernel Modules.
[   15.789577] systemd-journald[386]: Received request to flush runtime journal from PID 1
[[0;32m  OK  [0m] Started LVM2 metadata daemon.
         Starting Apply Kernel Variables...
         Mounting FUSE Control File System...
[[0;32m  OK  [0m] Mounted FUSE Control File System.
[[0;32m  OK  [0m] Started Flush Journal to Persistent Storage.
[[0;32m  OK  [0m] Started udev Coldplug all Devices.
[[0;32m  OK  [0m] Started Load/Save Random Seed.
[[0;32m  OK  [0m] Started Apply Kernel Variables.
[[0;32m  OK  [0m] Started Create Static Device Nodes in /dev.
         Starting udev Kernel Device Manager...
[[0;32m  OK  [0m] Started Monitoring of LVM2 mirrors,...ng dmeventd or progress polling.
[[0;32m  OK  [0m] Started udev Kernel Device Manager.
[[0;32m  OK  [0m] Started Dispatch Password Requests to Console Directory Watch.
[[0;32m  OK  [0m] Reached target Local File Systems (Pre).
[[0;32m  OK  [0m] Reached target Local File Systems.
         Starting LSB: AppArmor initialization...
         Starting Set console font and keymap...
         Starting Tell Plymouth To Write Out Runtime Data...
         Starting Create Volatile Files and Directories...
         Starting Commit a transient machine-id on disk...
[[0;32m  OK  [0m] Started Commit a transient machine-id on disk.
[[0;32m  OK  [0m] Started Tell Plymouth To Write Out Runtime Data.
[[0;32m  OK  [0m] Found device /dev/ttyS0.
[[0;32m  OK  [0m] Started Create Volatile Files and Directories.
         Starting Update UTMP about System Boot/Shutdown...
[[0;32m  OK  [0m] Started Update UTMP about System Boot/Shutdown.
[[0;32m  OK  [0m] Listening on Load/Save RF Kill Switch Status /dev/rfkill Watch.
[[0;32m  OK  [0m] Started LSB: AppArmor initialization.
[[0;32m  OK  [0m] Started Set console font and keymap.
[[0;32m  OK  [0m] Created slice system-getty.slice.
[   20.261068] cloud-init[421]: Cloud-init v. 18.2 running 'init-local' at Fri, 20 Jul 2018 03:27:38 +0000. Up 19.61 seconds.
[[0;32m  OK  [0m] Started Initial cloud-init job (pre-networking).
[[0;32m  OK  [0m] Reached target Network (Pre).
         Starting Raise network interfaces...
[[0;32m  OK  [0m] Started Raise network interfaces.
[[0;32m  OK  [0m] Reached target Network.
         Starting Initial cloud-init job (metadata service crawler)...
[   22.919291] cloud-init[941]: Cloud-init v. 18.2 running 'init' at Fri, 20 Jul 2018 03:27:39 +0000. Up 21.09 seconds.
[[0;32m  OK  [0m] Started Initial cloud-init job (metadata service crawler).
[[0;32m  OK  [0m] Reached target Cloud-config availability.
[[0;32m  OK  [0m] Reached target System Initialization.
[[0;32m  OK  [0m] Started Daily Cleanup of Temporary Directories.
[   22.970931] cloud-init[941]: ci-info: ++++++++++++++++++++++++++++++++++++++Net device info++++++++++++++++++++++++++++++++++++++
[[0;32m  OK  [0m] Started ACPI Events Check.
[[0;32m  OK  [0m] Reached target Paths.
[   23.179939] cloud-init[941]: ci-info: +--------+-------+----------------------------+---------------+-------+-------------------+
[[0;32m  OK  [0m] Listening on D-Bus System Message Bus Socket.
[   23.239321] cloud-init[941]: ci-info: | Device |   Up  |          Address           |      Mask     | Scope |     Hw-Address    |
[[0;32m  OK  [0m] Started Daily apt download activities.
[[0;32m  OK  [0m] Started Daily apt upgrade and clean activities.
[[0;32m  OK  [0m] Listening on ACPID Listen Socket.
[   23.253599] cloud-init[941]: ci-info: +--------+-------+----------------------------+---------------+-------+-------------------+
[[0;32m  OK  [0m] Listening on UUID daemon activation socket.
         Starting Socket activation for snappy daemon.
[[0;32m  OK  [0m] Reached target Timers.
[   23.391533] cloud-init[941]: ci-info: | enp0s3 |  True |         10.0.2.15          | 255.255.255.0 |   .   | 02:ee:24:bb:8a:f6 |
         Starting LXD - unix socket.
[[0;32m  OK  [0m] Reached target Network is Online.
[   23.475030] cloud-init[941]: ci-info: | enp0s3 |  True | fe80::ee:24ff:febb:8af6/64 |       .       |  link | 02:ee:24:bb:8a:f6 |
[   23.504750] cloud-init[941]: ci-info: | enp0s8 | False |             .              |       .       |   .   | 08:00:27:43:ce:76 |
[   23.512230] cloud-init[941]: ci-info: |   lo   |  True |         127.0.0.1          |   255.0.0.0   |   .   |         .         |
[   23.524705]          Starting iSCSI initiator daemon (iscsid)...
cloud-init[941]: [[0;32m  OK  [0m] Listening on Socket activation for snappy daemon.
[[0;32m  OK  [0m] Listening on LXD - unix socket.
ci-info: |   lo   |  True |          ::1/128           |       .       |  host |         .         |
[   23.559121] [[0;32m  OK  [0m] Reached target Sockets.
[[0;32m  OK  [0m] Reached target Basic System.
cloud-init[941]: ci-info: +--------+-------+----------------------------+---------------+-------+-------------------+
[   23.565931] cloud-init[941]: ci-info: +++++++++++++++++++++++++++Route IPv4 info++++++++++++++++++++++++++++
[   23.570945] cloud-init[941]: ci-info: +-------+-------------+----------+---------------+-----------+-------+
[   23.605312]          Starting LXD - container startup/shutdown...
cloud-init[941]: ci-info: | Route | Destination | Gateway  |    Genmask    | Interface | Flags |
[   23.625000] cloud-init[941]: ci-info: +-------+-------------+----------+---------------+-----------+-------+
[   23.696379] [[0;32m  OK  [0m] Started Regular background program processing daemon.
cloud-init[941]: ci-info: |   0   |   0.0.0.0   | 10.0.2.2 |    0.0.0.0    |   enp0s3  |   UG  |
[   23.772124]          Starting Accounts Service...
cloud-init[941]: ci-info: |   1   |   10.0.2.0  | 0.0.0.0  | 255.255.255.0 |   enp0s3  |   U   |
[   23.794125] cloud-init         Starting System Logging Service...
         Starting Virtualbox guest utils...
[941]: ci-info: +-------+-------------+----------+---------------+-----------+-------+
         Starting /etc/rc.local Compatibility...
[   23.815813]          Starting Login Service...
[[0;32m  OK  [0m] Started FUSE filesystem for LXC.
         Starting LSB: Record successful boot for GRUB...
cloud-init[941]: Generating public/private rsa key pair.
[   23.908479]          Starting LSB: MD monitoring daemon...
cloud-init[941]: Your identification has been saved in /etc/ssh/ssh_host_rsa_key.
[   23.929149] cloud-init[941]: Your public key has been saved in /etc/ssh/ssh_host_rsa_key.pub.
[   23.959279]          Starting Snappy daemon...
cloud-init[941]: The key fingerprint is:
[   23.964255] cloud-init[941]: SHA256:SdUItZFFJbsSUxLmh2hdBidY2btrl+fr0RHkNCQv8xc root@ubuntu-xenial
[   24.005615] [[0;32m  OK  [0m] Started ACPI event daemon.
cloud-init[941]: The key's randomart image is:
[[0;32m  OK  [0m] Started Deferred execution scheduler.
[   24.051335] cloud-init[941]: +---[RSA 2048]----+
[   24.079816] [[0;32m  OK  [0m] Started D-Bus System Message Bus.
cloud-init[941]: |        .=@@Ooo= |
[   24.108842] cloud-init[941]: |        .*+@oo* .|
[   24.151975] cloud-init[941]: |        + B o+ E |
[   24.170438] cloud-init[941]: |       o . +..+ o|
[   24.194547] cloud-init[941]: |        S . .. o.|
[   24.325539] cloud-init[941]: |           ..   +|
[   24.376604] cloud-init[941]: |             . o.|
[   24.379930] cloud-init[941]: |            o o o|
[   24.416672] cloud-init[941]: |           . ..=o|
[   24.422675] cloud-init[941]: +----[SHA256]-----+
[   24.428369] cloud-init[941]: Generating public/private dsa key pair.
[   24.456653] cloud-init[941]: Your identification has been saved in /etc/ssh/ssh_host_dsa_key.
[   24.507078] cloud-init[941]: Your public key has been saved in /etc/ssh/ssh_host_dsa_key.pub.
[   24.514062] cloud-init[941]: The key fingerprint is:
[   24.521435] cloud-init[941]: SHA256:joL4Mrl5l1fiuKkJf9SrDfC1ZIc+qODJTJuf9CkHtro root@ubuntu-xenial
[   24.528757] cloud-init[941]: The key's randomart image is:
[   24.536074] cloud-init[941]: +---[DSA 1024]----+
[   24.538835] cloud-init[941]: |                 |
[   24.542604] cloud-init[941]: |                 |
[   24.545876] cloud-init[941]: |                 |
[   24.550018] cloud-init[941]: |       .         |
[   24.563244] cloud-init[941]: |  .  .= S        |
[   24.568632] cloud-init[941]: | . *.*o=.        |
[   24.570532] cloud-init[941]: |+oooB+=+.        |
[   24.573009] cloud-init[941]: |O**=B*=.         |
[   24.575347] cloud-init[941]: |oEX***.          |
[   24.577395] cloud-init[941]: +----[SHA256]-----+
[   24.579189] cloud-init[941]: Generating public/private ecdsa key pair.
[   24.588578] cloud-init[941]: Your identification has been saved in /etc/ssh/ssh_host_ecdsa_key.
[   24.598399] cloud-init[941]: Your public key has been saved in /etc/ssh/ssh_host_ecdsa_key.pub.
[   24.601018] cloud-init[941]: The key fingerprint is:
[   24.603491] cloud-init[941]: SHA256:4AKZ05WeOeBUEbmZAUC9/LnDZC3lLaeAcuPE000O1wA root@ubuntu-xenial
[   24.607999] cloud-init[941]: The key's randomart image is:
[   24.610005] cloud-init[941]: +---[ECDSA 256]---+
[   24.611859] cloud-init[941]: | .oo.oE*         |
[   24.613693] cloud-init[941]: |   ++.+ .        |
[   24.617208] cloud-init[941]: |  =+.+.B o       |
[   24.619543] cloud-init[941]: |   o+.X.+ .      |
[   24.623546] cloud-init[941]: |   ..+.%S.       |
[   24.625994] cloud-init[941]: |  . B.O * o      |
[   24.628346] cloud-init[941]: |   = * + +       |
[   24.630642] cloud-init[941]: |    . + .        |
[   24.633032] cloud-init[941]: |       .         |
[   24.635348] cloud-init[941]: +----[SHA256]-----+
[   24.637688] cloud-init[941]: Generating public/private ed25519 key pair.
[   24.640350] cloud-init[941]: Your identification has been saved in /etc/ssh/ssh_host_ed25519_key.
[   24.643384] cloud-init[941]: Your public key has been saved in /etc/ssh/ssh_host_ed25519_key.pub.
[   24.646474] cloud-init[941]: The key fingerprint is:
[   24.653644] cloud-init[941]: SHA256:qDsyU9or57N5S0Rqs8mq4k54P7WgU8ZbEvFzvZqjBb8 root@ubuntu-xenial
[   24.658352] cloud-init[941]: The key's randomart image is:
[   24.660983] cloud-init[941]: +--[ED25519 256]--+
[   24.663906] cloud-init[941]: |                 |
[   24.669416] cloud-init[941]: |    .            |
[   24.671496] cloud-init[941]: |     o.  .       |
[   24.673731] cloud-init[941]: |    .oo.. .      |
[   24.676271] cloud-init[941]: |   .+.+oS  .     |
[   24.678898] cloud-init[941]: |.  oB*oo  .      |
[   24.680755] cloud-init[941]: |...B=*..oo       |
[   24.682731] cloud-init[941]: |o.OoB+o.+.       |
[   24.693376] cloud-init[941]: |=+.OBBooE.       |
[   24.695643] cloud-init[941]: +----[SHA256]-----+
[[0;32m  OK  [0m] Started Unattended Upgrades Shutdown.
         Starting Pollinate to seed the pseudo random number generator...
         Starting Apply the settings specified in cloud-config...
[[0;32m  OK  [0m] Started System Logging Service.
[[0;32m  OK  [0m] Started /etc/rc.local Compatibility.
[[0;32m  OK  [0m] Started Login Service.
[[0;32m  OK  [0m] Started iSCSI initiator daemon (iscsid).
         Starting Login to default iSCSI targets...
[[0;32m  OK  [0m] Started LSB: Record successful boot for GRUB.
         Starting Authenticate and Authorize Users to Run Privileged Tasks...
[[0;32m  OK  [0m] Started Login to default iSCSI targets.
[[0;32m  OK  [0m] Reached target Remote File Systems (Pre).
[[0;32m  OK  [0m] Reached target Remote File Systems.
         Starting LSB: daemon to balance interrupts for SMP systems...
         Starting Permit User Sessions...
         Starting LSB: automatic crash report generation...
         Starting LSB: Set the CPU Frequency Scaling governor to "ondemand"...
[[0;32m  OK  [0m] Started LSB: MD monitoring daemon.
[[0;32m  OK  [0m] Started LSB: Set the CPU Frequency Scaling governor to "ondemand".
[[0;32m  OK  [0m] Started Permit User Sessions.
         Starting Terminate Plymouth Boot Screen...
         Starting Hold until boot process finishes up...
[[0;32m  OK  [0m] Started Hold until boot process finishes up.
[[0;32m  OK  [0m] Started Terminate Plymouth Boot Screen.
[[0;32m  OK  [0m] Started Getty on tty1.
         Starting Set console scheme...
[[0;32m  OK  [0m] Started Serial Getty on ttyS0.
[[0;32m  OK  [0m] Reached target Login Prompts.
[[0;32m  OK  [0m] Started LSB: automatic crash report generation.
[[0;32m  OK  [0m] Started LSB: daemon to balance interrupts for SMP systems.
[[0;32m  OK  [0m] Started Set console scheme.
[[0;32m  OK  [0m] Started Authenticate and Authorize Users to Run Privileged Tasks.
[[0;32m  OK  [0m] Started Accounts Service.
[[0;32m  OK  [0m] Started Virtualbox guest utils.
[   27.330315] cloud-init[1099]: Generating locales (this might take a while)...
[[0;32m  OK  [0m] Started Snappy daemon.
[[0;32m  OK  [0m] Started LXD - container startup/shutdown.
[[0;32m  OK  [0m] Started Pollinate to seed the pseudo random number generator.
         Starting OpenBSD Secure Shell server...
[   30.012959] cloud-init[1099]:   en_US.UTF-8... done
[   30.041994] cloud-init[1099]: Generation complete.
[[0;32m  OK  [0m] Started OpenBSD Secure Shell server.
[[0;32m  OK  [0m] Reached target Multi-User System.
[[0;32m  OK  [0m] Reached target Graphical Interface.
         Starting Update UTMP about System Runlevel Changes...
[[0;32m  OK  [0m] Started Update UTMP about System Runlevel Changes.
[   31.136433] cloud-init[1099]: Cloud-init v. 18.2 running 'modules:config' at Fri, 20 Jul 2018 03:27:44 +0000. Up 25.94 seconds.
[[0;32m  OK  [0m] Started Apply the settings specified in cloud-config.
         Starting Execute cloud user/final scripts...
[[0;32m  OK  [0m] Created slice User Slice of vagrant.
         Starting User Manager for UID 1000...
[[0;32m  OK  [0m] Started Session 1 of user vagrant.
[[0;32m  OK  [0m] Started User Manager for UID 1000.
ci-info: no authorized ssh keys fingerprints found for user ubuntu.
<14>Jul 20 03:27:50 ec2: 
<14>Jul 20 03:27:50 ec2: #############################################################
<14>Jul 20 03:27:50 ec2: -----BEGIN SSH HOST KEY FINGERPRINTS-----
<14>Jul 20 03:27:50 ec2: 1024 SHA256:joL4Mrl5l1fiuKkJf9SrDfC1ZIc+qODJTJuf9CkHtro root@ubuntu-xenial (DSA)
<14>Jul 20 03:27:50 ec2: 256 SHA256:4AKZ05WeOeBUEbmZAUC9/LnDZC3lLaeAcuPE000O1wA root@ubuntu-xenial (ECDSA)
<14>Jul 20 03:27:50 ec2: 256 SHA256:qDsyU9or57N5S0Rqs8mq4k54P7WgU8ZbEvFzvZqjBb8 root@ubuntu-xenial (ED25519)
<14>Jul 20 03:27:50 ec2: 2048 SHA256:SdUItZFFJbsSUxLmh2hdBidY2btrl+fr0RHkNCQv8xc root@ubuntu-xenial (RSA)
<14>Jul 20 03:27:50 ec2: -----END SSH HOST KEY FINGERPRINTS-----
<14>Jul 20 03:27:50 ec2: #############################################################
-----BEGIN SSH HOST KEY KEYS-----
ecdsa-sha2-nistp256 AAAAE2VjZHNhLXNoYTItbmlzdHAyNTYAAAAIbmlzdHAyNTYAAABBBBnWIGlr27PdnickWFvH6tG5oVDedII1LdMKqXQJMQo1CCTUVERLg9CjdRcO3SJZPn19SgJNWDoOBVEZ+wDZwC8= root@ubuntu-xenial
ssh-ed25519 AAAAC3NzaC1lZDI1NTE5AAAAINbjk82I8cfk54/uCE7QxXqT/n0vSYpRtJE9DEpZFhMH root@ubuntu-xenial
ssh-rsa AAAAB3NzaC1yc2EAAAADAQABAAABAQDCXFNE4V8WgZv94VP0OJuC/q9ok3Opw7X6o542q6aYuvUhp0wvGVO9APo4gjq7Oxny2SH4bzL/tN//D7sTUW6/BcS1xyzJAPRoZDQcWak+uTXjcj9xMtODVxZTbpUslHYFQW/loqfwzjqAR5dDDV92hmWB1Ai3ODUVHhft6vScJQy2nb61mFSlI5JNkRmiIMiXG1pGhl5TuVNKxkmION1Ub70Ru1Wm6d3FcUsMxhQ7FkmNOaC21RRc48LAuNQ7NBcLkG14ri5Mbl5DP1aqRspQ46/6iaIy0Yu6661HYT6j/9CH3Th4vdn2c97sgxXppS0iXbOrgkULF+CtQFmYBX/Z root@ubuntu-xenial
-----END SSH HOST KEY KEYS-----
[   32.131796] cloud-init[1301]: Cloud-init v. 18.2 running 'modules:final' at Fri, 20 Jul 2018 03:27:50 +0000. Up 31.53 seconds.
[   32.132279] cloud-init[1301]: ci-info: no authorized ssh keys fingerprints found for user ubuntu.
[   32.132551] cloud-init[1301]: Cloud-init v. 18.2 finished at Fri, 20 Jul 2018 03:27:50 +0000. Datasource DataSourceNoCloud [seed=/dev/sdb][dsmode=net].  Up 32.11 seconds

Ubuntu 16.04.4 LTS ubuntu-xenial ttyS0

ubuntu-xenial login: [[0;32m  OK  [0m] Stopped target         Stopping LSB: Record successful boot for GRUB...
         Stopping Snappy daemon...
[[0;32m  OK  [0m] Unmounted /var/lib/lxcfs.
[[0;32m  OK  [0m] Stopped Regular background program processing daemon.
[[0;32m  OK  [0m] Stopped Accounts Service.
[[0;32m  OK  [0m] Stopped System Logging Service.
[[0;32m  OK  [0m] Stopped Snappy daemon.
[[0;32m  OK  [0m] Stopped ACPI event daemon.
[[0;32m  OK  [0m] Stopped Deferred execution scheduler.
[[0;32m  OK  [0m] Stopped Authenticate and Authorize Users to Run Privileged Tasks.
[[0;32m  OK  [0m] Stopped Getty on tty1.
[[0;32m  OK  [0m] Stopped Serial Getty on ttyS0.
[[0;32m  OK  [0m] Stopped OpenBSD Secure Shell server.
[[0;32m  OK  [0m] Stopped User Manager for UID 1000.
[[0;32m  OK  [0m] Stopped Session 2 of user vagrant.
[[0;32m  OK  [0m] Stopped Unattended Upgrades Shutdown.
[[0;32m  OK  [0m] Stopped D-Bus System Message Bus.
[[0;32m  OK  [0m] Stopped FUSE filesystem for LXC.
[[0;32m  OK  [0m] Stopped LSB: Set the CPU Frequency Scaling governor to "ondemand".
[[0;32m  OK  [0m] Stopped LSB: MD monitoring daemon.
[[0;32m  OK  [0m] Stopped LSB: daemon to balance interrupts for SMP systems.
[[0;32m  OK  [0m] Stopped Virtualbox guest utils.
[[0;32m  OK  [0m] Stopped LSB: Record successful boot for GRUB.
[[0;32m  OK  [0m] Stopped LXD - container startup/shutdown.
[[0;32m  OK  [0m] Stopped LSB: automatic crash report generation.
[[0;32m  OK  [0m] Removed slice User Slice of vagrant.
         Stopping Login Service...
[[0;32m  OK  [0m] Removed slice system-serial\x2dgetty.slice.
[[0;32m  OK  [0m] Removed slice system-getty.slice.
[[0;32m  OK  [0m] Stopped /etc/rc.local Compatibility.
         Stopping Permit User Sessions...
[[0;32m  OK  [0m] Stopped Permit User Sessions.
[[0;32m  OK  [0m] Stopped Login Service.
[[0;32m  OK  [0m] Stopped target User and Group Name Lookups.
[[0;32m  OK  [0m] Stopped LSB: Apache2 web server.
[[0;32m  OK  [0m] Stopped target Remote File Systems.
[[0;32m  OK  [0m] Stopped target Remote File Systems (Pre).
         Stopping Login to default iSCSI targets...
[[0;32m  OK  [0m] Stopped target Basic System.
[[0;32m  OK  [0m] Stopped target Sockets.
[[0;32m  OK  [0m] Closed Syslog Socket.
[[0;32m  OK  [0m] Closed Socket activation for snappy daemon.
[[0;32m  OK  [0m] Closed D-Bus System Message Bus Socket.
[[0;32m  OK  [0m] Closed ACPID Listen Socket.
[[0;32m  OK  [0m] Closed UUID daemon activation socket.
[[0;32m  OK  [0m] Closed LXD - unix socket.
[[0;32m  OK  [0m] Stopped target Paths.
[[0;32m  OK  [0m] Stopped Dispatch Password Requests to Console Directory Watch.
[[0;32m  OK  [0m] Stopped Forward Password Requests to Wall Directory Watch.
[[0;32m  OK  [0m] Stopped ACPI Events Check.
[[0;32m  OK  [0m] Stopped target Slices.
[[0;32m  OK  [0m] Removed slice User and Session Slice.
[[0;32m  OK  [0m] Stopped target System Initialization.
         Stopping Update UTMP about System Boot/Shutdown...
[[0;32m  OK  [0m] Stopped Commit a transient machine-id on disk.
         Stopping Load/Save Random Seed...
[[0;32m  OK  [0m] Stopped target Swap.
[[0;32m  OK  [0m] Stopped target Encrypted Volumes.
[[0;32m  OK  [0m] Stopped Load/Save Random Seed.
[[0;32m  OK  [0m] Stopped Update UTMP about System Boot/Shutdown.
[[0;32m  OK  [0m] Stopped Login to default iSCSI targets.
         Stopping iSCSI initiator daemon (iscsid)...
[[0;32m  OK  [0m] Stopped Create Volatile Files and Directories.
[[0;32m  OK  [0m] Stopped iSCSI initiator daemon (iscsid).
[[0;32m  OK  [0m] Stopped target Network is Online.
[[0;32m  OK  [0m] Stopped target Network.
[[0;32m  OK  [0m] Stopped Initial cloud-init job (metadata service crawler).
         Stopping Raise network interfaces...
[[0;32m  OK  [0m] Stopped Raise network interfaces.
[[0;32m  OK  [0m] Stopped target Local File Systems.
         Unmounting /vagrant...
         Unmounting /run/user/1000...
[[0;32m  OK  [0m] Stopped target Network (Pre).
[[0;32m  OK  [0m] Stopped Initial cloud-init job (pre-networking).
[[0;32m  OK  [0m] Stopped Apply Kernel Variables.
[[0;32m  OK  [0m] Stopped Load Kernel Modules.
[[0;32m  OK  [0m] Unmounted /vagrant.
[[0;32m  OK  [0m] Unmounted /run/user/1000.
[[0;32m  OK  [0m] Reached target Unmount All Filesystems.
[[0;32m  OK  [0m] Stopped target Local File Systems (Pre).
[[0;32m  OK  [0m] Stopped Create Static Device Nodes in /dev.
[[0;32m  OK  [0m] Stopped Remount Root and Kernel File Systems.
[[0;32m  OK  [0m] Reached target Shutdown.
[ 58.57043] reboot: Power dow

